<component name="libraryTable">
  <library name="junit5-rt">
    <CLASSES>
      <root url="jar://$PROJECT_DIR$/lib/junit5-rt.jar!/" />
      <root url="jar://$PROJECT_DIR$/lib/junit-rt.jar!/" />
      <root url="jar://$PROJECT_DIR$/lib/idea-junit.jar!/" />
    </CLASSES>
    <JAVADOC />
    <SOURCES />
  </library>
</component>